<?xml version="1.0" encoding="UTF-8"?>
<!-- Generated by org.testng.reporters.JUnitReportReporter -->
<testsuite skipped="0" hostname="PB119AS013" name="core.PractoDoctorsPrime" tests="1" failures="0" timestamp="04 Sep 2018 10:04:00 GMT" time="1861.547" errors="0">
  <testcase name="searchData" time="1861.547" classname="core.PractoDoctorsPrime"/>
</testsuite> <!-- core.PractoDoctorsPrime -->
