<?xml version="1.0" encoding="UTF-8"?>
<!-- Generated by org.testng.reporters.JUnitReportReporter -->
<testsuite skipped="0" hostname="WIN-PLS9QOAI33T" name="core.PractoDoctorsDB" tests="1" failures="0" timestamp="12 Apr 2019 00:49:25 GMT" time="27445.889" errors="0">
  <testcase name="runProcess" time="27445.889" classname="core.PractoDoctorsDB"/>
</testsuite> <!-- core.PractoDoctorsDB -->
