<?xml version="1.0" encoding="UTF-8"?>
<!-- Generated by org.testng.reporters.JUnitReportReporter -->
<testsuite skipped="0" hostname="WIN-PLS9QOAI33T" name="core.ProcessURLs3" tests="1" failures="0" timestamp="12 Jan 2019 04:51:29 GMT" time="54462.562" errors="0">
  <testcase name="getData" time="54462.562" classname="core.ProcessURLs3"/>
</testsuite> <!-- core.ProcessURLs3 -->
