<?xml version="1.0" encoding="UTF-8"?>
<!-- Generated by org.testng.reporters.JUnitReportReporter -->
<testsuite skipped="0" hostname="PB119AS013" name="core.DubaiCars" tests="1" failures="0" timestamp="17 Apr 2018 11:57:06 GMT" time="58.528" errors="0">
  <testcase name="searchData" time="58.528" classname="core.DubaiCars"/>
</testsuite> <!-- core.DubaiCars -->
