<?xml version="1.0" encoding="UTF-8"?>
<!-- Generated by org.testng.reporters.JUnitReportReporter -->
<testsuite skipped="0" hostname="WIN-PLS9QOAI33T" name="core.PractoClinicsDB2" tests="1" failures="0" timestamp="12 Nov 2018 23:19:21 GMT" time="50838.477" errors="0">
  <testcase name="searchData" time="50838.477" classname="core.PractoClinicsDB2"/>
</testsuite> <!-- core.PractoClinicsDB2 -->
