<?xml version="1.0" encoding="UTF-8"?>
<!-- Generated by org.testng.reporters.JUnitReportReporter -->
<testsuite skipped="0" hostname="WIN-PLS9QOAI33T" name="core.PractoClinicsDB4" tests="1" failures="0" timestamp="06 Nov 2018 02:21:07 GMT" time="61407.004" errors="0">
  <testcase name="searchData" time="61407.004" classname="core.PractoClinicsDB4"/>
</testsuite> <!-- core.PractoClinicsDB4 -->
