<?xml version="1.0" encoding="UTF-8"?>
<!-- Generated by org.testng.reporters.JUnitReportReporter -->
<testsuite skipped="0" hostname="WIN-PLS9QOAI33T" name="core.PractoURLsCompleteData" tests="1" failures="0" timestamp="23 Oct 2018 12:41:18 GMT" time="10432.782" errors="0">
  <testcase name="getData" time="10432.782" classname="core.PractoURLsCompleteData"/>
</testsuite> <!-- core.PractoURLsCompleteData -->
