<?xml version="1.0" encoding="UTF-8"?>
<!-- Generated by org.testng.reporters.JUnitReportReporter -->
<testsuite skipped="0" hostname="WIN-PLS9QOAI33T" name="core.ProcessURLs4" tests="1" failures="0" timestamp="12 Jan 2019 10:23:09 GMT" time="74324.914" errors="0">
  <testcase name="getData" time="74324.914" classname="core.ProcessURLs4"/>
</testsuite> <!-- core.ProcessURLs4 -->
