<?xml version="1.0" encoding="UTF-8"?>
<!-- Generated by org.testng.reporters.JUnitReportReporter -->
<testsuite skipped="0" hostname="WIN-PLS9QOAI33T" name="core.PractoClinicsDB3" tests="1" failures="0" timestamp="06 Nov 2018 02:17:15 GMT" time="61179.145" errors="0">
  <testcase name="searchData" time="61179.145" classname="core.PractoClinicsDB3"/>
</testsuite> <!-- core.PractoClinicsDB3 -->
