<?xml version="1.0" encoding="UTF-8"?>
<!-- Generated by org.testng.reporters.JUnitReportReporter -->
<testsuite skipped="0" hostname="WIN-PLS9QOAI33T" name="core.PractoClinicsDB" tests="1" failures="0" timestamp="13 Nov 2018 02:42:13 GMT" time="63014.930" errors="0">
  <testcase name="searchData" time="63014.930" classname="core.PractoClinicsDB"/>
</testsuite> <!-- core.PractoClinicsDB -->
