<?xml version="1.0" encoding="UTF-8"?>
<!-- Generated by org.testng.reporters.JUnitReportReporter -->
<testsuite skipped="0" hostname="WIN-PLS9QOAI33T" name="core.ProcessURLs5" tests="1" failures="0" timestamp="08 Oct 2018 12:57:53 GMT" time="13290.933" errors="0">
  <testcase name="getData" time="13290.933" classname="core.ProcessURLs5"/>
</testsuite> <!-- core.ProcessURLs5 -->
