<?xml version="1.0" encoding="UTF-8"?>
<!-- Generated by org.testng.reporters.JUnitReportReporter -->
<testsuite skipped="0" hostname="WIN-PLS9QOAI33T" name="core.ProcessURLs2" tests="1" failures="0" timestamp="12 Jan 2019 04:52:58 GMT" time="54585.309" errors="0">
  <testcase name="getData" time="54585.309" classname="core.ProcessURLs2"/>
</testsuite> <!-- core.ProcessURLs2 -->
