<?xml version="1.0" encoding="UTF-8"?>
<!-- Generated by org.testng.reporters.JUnitReportReporter -->
<testsuite skipped="0" hostname="WIN-PLS9QOAI33T" name="core.practo" tests="1" failures="0" timestamp="21 May 2019 00:33:23 GMT" time="56814.945" errors="0">
  <testcase name="searchData" time="56814.945" classname="core.practo"/>
</testsuite> <!-- core.practo -->
