<?xml version="1.0" encoding="UTF-8"?>
<!-- Generated by org.testng.reporters.JUnitReportReporter -->
<testsuite skipped="0" hostname="PB119AS013" name="core.YMotors" tests="1" failures="0" timestamp="12 Apr 2018 18:16:48 GMT" time="468.689" errors="0">
  <testcase name="searchData" time="468.689" classname="core.YMotors"/>
</testsuite> <!-- core.YMotors -->
