<?xml version="1.0" encoding="UTF-8"?>
<!-- Generated by org.testng.reporters.JUnitReportReporter -->
<testsuite skipped="0" hostname="PB119AS013" name="core.MarutiReverseGeocode" tests="1" failures="0" timestamp="16 May 2018 10:26:39 GMT" time="425.593" errors="0">
  <testcase name="searchData" time="425.593" classname="core.MarutiReverseGeocode"/>
</testsuite> <!-- core.MarutiReverseGeocode -->
