<?xml version="1.0" encoding="UTF-8"?>
<!-- Generated by org.testng.reporters.JUnitReportReporter -->
<testsuite skipped="0" hostname="PB119AS013" name="core.testperf" tests="1" failures="0" timestamp="06 Sep 2018 12:36:40 GMT" time="9.061" errors="0">
  <testcase name="setProp" time="9.061" classname="core.testperf"/>
</testsuite> <!-- core.testperf -->
