<?xml version="1.0" encoding="UTF-8"?>
<!-- Generated by org.testng.reporters.JUnitReportReporter -->
<testsuite skipped="0" hostname="PB119AS013" name="core.Hyundai2" tests="1" failures="0" timestamp="28 Aug 2018 12:20:45 GMT" time="9.741" errors="0">
  <testcase name="searchData" time="9.741" classname="core.Hyundai2"/>
</testsuite> <!-- core.Hyundai2 -->
