<?xml version="1.0" encoding="UTF-8"?>
<!-- Generated by org.testng.reporters.JUnitReportReporter -->
<testsuite skipped="0" hostname="PB119AS013" name="core.PractoLab" tests="1" failures="0" timestamp="26 Apr 2018 17:11:01 GMT" time="0.092" errors="0">
  <testcase name="searchData" time="0.092" classname="core.PractoLab"/>
</testsuite> <!-- core.PractoLab -->
