<?xml version="1.0" encoding="UTF-8"?>
<!-- Generated by org.testng.reporters.JUnitReportReporter -->
<testsuite skipped="0" hostname="PB119AS013" name="core.Hyundai" tests="1" failures="0" timestamp="03 May 2018 12:21:13 GMT" time="1116.510" errors="0">
  <testcase name="searchData" time="1116.510" classname="core.Hyundai"/>
</testsuite> <!-- core.Hyundai -->
