<?xml version="1.0" encoding="UTF-8"?>
<!-- Generated by org.testng.reporters.JUnitReportReporter -->
<testsuite skipped="0" hostname="PB119AS013" name="core.Maruti" tests="1" failures="0" timestamp="03 May 2018 08:25:55 GMT" time="6596.641" errors="0">
  <testcase name="searchData" time="6596.641" classname="core.Maruti"/>
</testsuite> <!-- core.Maruti -->
