<?xml version="1.0" encoding="UTF-8"?>
<!-- Generated by org.testng.reporters.JUnitReportReporter -->
<testsuite skipped="0" hostname="PB119AS013" name="core.PractoBatch" tests="1" failures="0" timestamp="19 Apr 2018 10:54:13 GMT" time="1180.214" errors="0">
  <testcase name="searchData" time="1180.214" classname="core.PractoBatch"/>
</testsuite> <!-- core.PractoBatch -->
