<?xml version="1.0" encoding="UTF-8"?>
<!-- Generated by org.testng.reporters.JUnitReportReporter -->
<testsuite skipped="0" hostname="WIN-PLS9QOAI33T" name="core.vahan5" tests="1" failures="0" timestamp="28 Feb 2019 16:04:47 GMT" time="11989.074" errors="0">
  <testcase name="capturedata" time="11989.074" classname="core.vahan5"/>
</testsuite> <!-- core.vahan5 -->
