<?xml version="1.0" encoding="UTF-8"?>
<!-- Generated by org.testng.reporters.JUnitReportReporter -->
<testsuite skipped="0" hostname="WIN-PLS9QOAI33T" name="core.vahan" tests="1" failures="0" timestamp="28 Feb 2019 16:14:22 GMT" time="12548.860" errors="0">
  <testcase name="capturedata" time="12548.860" classname="core.vahan"/>
</testsuite> <!-- core.vahan -->
