<?xml version="1.0" encoding="UTF-8"?>
<!-- Generated by org.testng.reporters.JUnitReportReporter -->
<testsuite skipped="0" hostname="PB119AS013" name="core.vahan10" tests="1" failures="0" timestamp="28 Feb 2019 11:24:48 GMT" time="6137.426" errors="0">
  <testcase name="capturedata" time="6137.426" classname="core.vahan10"/>
</testsuite> <!-- core.vahan10 -->
