<?xml version="1.0" encoding="UTF-8"?>
<!-- Generated by org.testng.reporters.JUnitReportReporter -->
<testsuite skipped="0" hostname="WIN-PLS9QOAI33T" name="core.vahan6" tests="1" failures="0" timestamp="28 Feb 2019 15:29:43 GMT" time="9880.367" errors="0">
  <testcase name="capturedata" time="9880.367" classname="core.vahan6"/>
</testsuite> <!-- core.vahan6 -->
