<?xml version="1.0" encoding="UTF-8"?>
<!-- Generated by org.testng.reporters.JUnitReportReporter -->
<testsuite skipped="0" hostname="WIN-PLS9QOAI33T" name="core.vahan3" tests="1" failures="0" timestamp="28 Feb 2019 20:24:00 GMT" time="27551.592" errors="0">
  <testcase name="capturedata" time="27551.592" classname="core.vahan3"/>
</testsuite> <!-- core.vahan3 -->
