<?xml version="1.0" encoding="UTF-8"?>
<!-- Generated by org.testng.reporters.JUnitReportReporter -->
<testsuite skipped="0" hostname="WIN-PLS9QOAI33T" name="core.vahan4" tests="1" failures="0" timestamp="28 Feb 2019 17:53:17 GMT" time="18503.852" errors="0">
  <testcase name="capturedata" time="18503.852" classname="core.vahan4"/>
</testsuite> <!-- core.vahan4 -->
