<?xml version="1.0" encoding="UTF-8"?>
<!-- Generated by org.testng.reporters.JUnitReportReporter -->
<testsuite skipped="0" hostname="WIN-PLS9QOAI33T" name="core.vahan7" tests="1" failures="0" timestamp="28 Feb 2019 16:26:23 GMT" time="13276.409" errors="0">
  <testcase name="capturedata" time="13276.409" classname="core.vahan7"/>
</testsuite> <!-- core.vahan7 -->
