<?xml version="1.0" encoding="UTF-8"?>
<!-- Generated by org.testng.reporters.JUnitReportReporter -->
<testsuite skipped="0" hostname="PB119AS013" name="core.religare" tests="1" failures="0" timestamp="25 Jan 2019 12:08:46 GMT" time="43.682" errors="0">
  <testcase name="capturedata" time="43.682" classname="core.religare"/>
</testsuite> <!-- core.religare -->
