<?xml version="1.0" encoding="UTF-8"?>
<!-- Generated by org.testng.reporters.JUnitReportReporter -->
<testsuite skipped="0" hostname="PB119AS013" name="core.vahan9" tests="1" failures="0" timestamp="28 Feb 2019 11:25:07 GMT" time="6165.334" errors="0">
  <testcase name="capturedata" time="6165.334" classname="core.vahan9"/>
</testsuite> <!-- core.vahan9 -->
