<?xml version="1.0" encoding="UTF-8"?>
<!-- Generated by org.testng.reporters.JUnitReportReporter -->
<testsuite skipped="0" hostname="PB119AS013" name="core.religareHeadless" tests="1" failures="0" timestamp="09 Jul 2018 10:06:31 GMT" time="32.858" errors="0">
  <testcase name="capturedata" time="32.858" classname="core.religareHeadless"/>
</testsuite> <!-- core.religareHeadless -->
