<?xml version="1.0" encoding="UTF-8"?>
<!-- Generated by org.testng.reporters.JUnitReportReporter -->
<testsuite skipped="0" hostname="PBLAP063" name="core.OneMG" tests="1" failures="0" timestamp="14 Jun 2018 10:03:53 GMT" time="21.673" errors="0">
  <testcase name="testUntitledTestCase" time="21.673" classname="core.OneMG"/>
</testsuite> <!-- core.OneMG -->
