<?xml version="1.0" encoding="UTF-8"?>
<!-- Generated by org.testng.reporters.JUnitReportReporter -->
<testsuite skipped="0" hostname="PB119AS013" name="core.DubaiCars2" tests="1" failures="0" timestamp="17 Apr 2018 22:17:05 GMT" time="27420.672" errors="0">
  <testcase name="searchData" time="27420.672" classname="core.DubaiCars2"/>
</testsuite> <!-- core.DubaiCars2 -->
